Build started 11/17/2016 5:02:44 PM.
     1>Project "C:\Users\FC.S20\Documents\GitHub\CSCI40\TextEditorGroup3\TextEditor\TextEditor.vcxproj" on node 2 (Build target(s)).
     1>ClCompile:
         C:\Program Files (x86)\Microsoft Visual Studio 11.0\VC\bin\CL.exe /c /Zi /nologo /W3 /WX- /sdl /O2 /Oi /Oy- /GL /D WIN32 /D NDEBUG /D _CONSOLE /D _UNICODE /D UNICODE /Gm- /EHsc /MD /GS /Gy /fp:precise /Zc:wchar_t /Zc:forScope /Yc"stdafx.h" /Fp"Release\TextEditor.pch" /Fo"Release\\" /Fd"Release\vc110.pdb" /Gd /TP /analyze- /errorReport:prompt stdafx.cpp
         stdafx.cpp
         C:\Program Files (x86)\Microsoft Visual Studio 11.0\VC\bin\CL.exe /c /Zi /nologo /W3 /WX- /sdl /O2 /Oi /Oy- /GL /D WIN32 /D NDEBUG /D _CONSOLE /D _UNICODE /D UNICODE /Gm- /EHsc /MD /GS /Gy /fp:precise /Zc:wchar_t /Zc:forScope /Yu"stdafx.h" /Fp"Release\TextEditor.pch" /Fo"Release\\" /Fd"Release\vc110.pdb" /Gd /TP /analyze- /errorReport:prompt TextEditor.cpp TextManager.cpp
         TextEditor.cpp
         TextManager.cpp
     1>TextManager.cpp(70): warning C4018: '<' : signed/unsigned mismatch
     1>TextManager.cpp(99): warning C4018: '>' : signed/unsigned mismatch
     1>TextManager.cpp(120): warning C4018: '<' : signed/unsigned mismatch
     1>TextManager.cpp(211): warning C4018: '<' : signed/unsigned mismatch
     1>TextManager.cpp(222): warning C4018: '>=' : signed/unsigned mismatch
     1>TextManager.cpp(234): warning C4018: '<' : signed/unsigned mismatch
     1>TextManager.cpp(237): warning C4018: '>=' : signed/unsigned mismatch
     1>TextManager.cpp(298): warning C4018: '<' : signed/unsigned mismatch
       ResourceCompile:
         C:\Program Files (x86)\Windows Kits\8.0\bin\x86\rc.exe /D _UNICODE /D UNICODE /l"0x0409" /nologo /fo"Release\TextEditor.res" TextEditor.rc 
       Link:
         C:\Program Files (x86)\Microsoft Visual Studio 11.0\VC\bin\link.exe /ERRORREPORT:PROMPT /OUT:"C:\Users\FC.S20\Documents\GitHub\CSCI40\TextEditorGroup3\Release\TextEditor.exe" /INCREMENTAL:NO /NOLOGO kernel32.lib user32.lib gdi32.lib winspool.lib comdlg32.lib advapi32.lib shell32.lib ole32.lib oleaut32.lib uuid.lib odbc32.lib odbccp32.lib /MANIFEST /MANIFESTUAC:"level='asInvoker' uiAccess='false'" /manifest:embed /DEBUG /PDB:"C:\Users\FC.S20\Documents\GitHub\CSCI40\TextEditorGroup3\Release\TextEditor.pdb" /SUBSYSTEM:CONSOLE /OPT:REF /OPT:ICF /LTCG /TLBID:1 /DYNAMICBASE /NXCOMPAT /IMPLIB:"C:\Users\FC.S20\Documents\GitHub\CSCI40\TextEditorGroup3\Release\TextEditor.lib" /MACHINE:X86 /SAFESEH Release\TextEditor.res
         Release\stdafx.obj
         Release\TextEditor.obj
         Release\TextManager.obj
         Generating code
         Finished generating code
         TextEditor.vcxproj -> C:\Users\FC.S20\Documents\GitHub\CSCI40\TextEditorGroup3\Release\TextEditor.exe
     1>Done Building Project "C:\Users\FC.S20\Documents\GitHub\CSCI40\TextEditorGroup3\TextEditor\TextEditor.vcxproj" (Build target(s)).

Build succeeded.

Time Elapsed 00:00:05.27
