C:\USERS\OWNER\SOURCE\REPOS\CSCI402\TEXTEDITORGROUP3\TEXTEDITOR\DEBUG\TEXTEDITOR.PCH
C:\USERS\OWNER\SOURCE\REPOS\CSCI402\TEXTEDITORGROUP3\TEXTEDITOR\DEBUG\STDAFX.OBJ
C:\USERS\OWNER\SOURCE\REPOS\CSCI402\TEXTEDITORGROUP3\TEXTEDITOR\DEBUG\VC110.PDB
C:\USERS\OWNER\SOURCE\REPOS\CSCI402\TEXTEDITORGROUP3\TEXTEDITOR\DEBUG\TEXTEDITOR.OBJ
C:\USERS\OWNER\SOURCE\REPOS\CSCI402\TEXTEDITORGROUP3\TEXTEDITOR\DEBUG\TEXTMANAGER.OBJ
C:\USERS\OWNER\SOURCE\REPOS\CSCI402\TEXTEDITORGROUP3\DEBUG\TEXTEDITOR.ILK
C:\USERS\OWNER\SOURCE\REPOS\CSCI402\TEXTEDITORGROUP3\DEBUG\TEXTEDITOR.EXE
C:\USERS\OWNER\SOURCE\REPOS\CSCI402\TEXTEDITORGROUP3\DEBUG\TEXTEDITOR.PDB
C:\Users\Owner\Source\Repos\CSCI402\TextEditorGroup3\TextEditor\Debug\stdafx.obj
C:\Users\Owner\Source\Repos\CSCI402\TextEditorGroup3\TextEditor\Debug\TextEditor.obj
C:\Users\Owner\Source\Repos\CSCI402\TextEditorGroup3\TextEditor\Debug\TextManager.obj
C:\Users\Owner\Source\Repos\CSCI402\TextEditorGroup3\TextEditor\Debug\cl.command.1.tlog
C:\Users\Owner\Source\Repos\CSCI402\TextEditorGroup3\TextEditor\Debug\CL.read.1.tlog
C:\Users\Owner\Source\Repos\CSCI402\TextEditorGroup3\TextEditor\Debug\CL.write.1.tlog
C:\Users\Owner\Source\Repos\CSCI402\TextEditorGroup3\TextEditor\Debug\link-cvtres.read.1.tlog
C:\Users\Owner\Source\Repos\CSCI402\TextEditorGroup3\TextEditor\Debug\link-cvtres.write.1.tlog
C:\Users\Owner\Source\Repos\CSCI402\TextEditorGroup3\TextEditor\Debug\link-rc.read.1.tlog
C:\Users\Owner\Source\Repos\CSCI402\TextEditorGroup3\TextEditor\Debug\link-rc.write.1.tlog
C:\Users\Owner\Source\Repos\CSCI402\TextEditorGroup3\TextEditor\Debug\link.10076-cvtres.read.1.tlog
C:\Users\Owner\Source\Repos\CSCI402\TextEditorGroup3\TextEditor\Debug\link.10076-cvtres.write.1.tlog
C:\Users\Owner\Source\Repos\CSCI402\TextEditorGroup3\TextEditor\Debug\link.10076-rc.read.1.tlog
C:\Users\Owner\Source\Repos\CSCI402\TextEditorGroup3\TextEditor\Debug\link.10076-rc.write.1.tlog
C:\Users\Owner\Source\Repos\CSCI402\TextEditorGroup3\TextEditor\Debug\link.10076.read.1.tlog
C:\Users\Owner\Source\Repos\CSCI402\TextEditorGroup3\TextEditor\Debug\link.10076.write.1.tlog
C:\Users\Owner\Source\Repos\CSCI402\TextEditorGroup3\TextEditor\Debug\link.10716-cvtres.read.1.tlog
C:\Users\Owner\Source\Repos\CSCI402\TextEditorGroup3\TextEditor\Debug\link.10716-cvtres.write.1.tlog
C:\Users\Owner\Source\Repos\CSCI402\TextEditorGroup3\TextEditor\Debug\link.10716-rc.read.1.tlog
C:\Users\Owner\Source\Repos\CSCI402\TextEditorGroup3\TextEditor\Debug\link.10716-rc.write.1.tlog
C:\Users\Owner\Source\Repos\CSCI402\TextEditorGroup3\TextEditor\Debug\link.10716.read.1.tlog
C:\Users\Owner\Source\Repos\CSCI402\TextEditorGroup3\TextEditor\Debug\link.10716.write.1.tlog
C:\Users\Owner\Source\Repos\CSCI402\TextEditorGroup3\TextEditor\Debug\link.3348-cvtres.read.1.tlog
C:\Users\Owner\Source\Repos\CSCI402\TextEditorGroup3\TextEditor\Debug\link.3348-cvtres.write.1.tlog
C:\Users\Owner\Source\Repos\CSCI402\TextEditorGroup3\TextEditor\Debug\link.3348-rc.read.1.tlog
C:\Users\Owner\Source\Repos\CSCI402\TextEditorGroup3\TextEditor\Debug\link.3348-rc.write.1.tlog
C:\Users\Owner\Source\Repos\CSCI402\TextEditorGroup3\TextEditor\Debug\link.3348.read.1.tlog
C:\Users\Owner\Source\Repos\CSCI402\TextEditorGroup3\TextEditor\Debug\link.3348.write.1.tlog
C:\Users\Owner\Source\Repos\CSCI402\TextEditorGroup3\TextEditor\Debug\link.3612-cvtres.read.1.tlog
C:\Users\Owner\Source\Repos\CSCI402\TextEditorGroup3\TextEditor\Debug\link.3612-cvtres.write.1.tlog
C:\Users\Owner\Source\Repos\CSCI402\TextEditorGroup3\TextEditor\Debug\link.3612-rc.read.1.tlog
C:\Users\Owner\Source\Repos\CSCI402\TextEditorGroup3\TextEditor\Debug\link.3612-rc.write.1.tlog
C:\Users\Owner\Source\Repos\CSCI402\TextEditorGroup3\TextEditor\Debug\link.3612.read.1.tlog
C:\Users\Owner\Source\Repos\CSCI402\TextEditorGroup3\TextEditor\Debug\link.3612.write.1.tlog
C:\Users\Owner\Source\Repos\CSCI402\TextEditorGroup3\TextEditor\Debug\link.828-cvtres.read.1.tlog
C:\Users\Owner\Source\Repos\CSCI402\TextEditorGroup3\TextEditor\Debug\link.828-cvtres.write.1.tlog
C:\Users\Owner\Source\Repos\CSCI402\TextEditorGroup3\TextEditor\Debug\link.828-rc.read.1.tlog
C:\Users\Owner\Source\Repos\CSCI402\TextEditorGroup3\TextEditor\Debug\link.828-rc.write.1.tlog
C:\Users\Owner\Source\Repos\CSCI402\TextEditorGroup3\TextEditor\Debug\link.828.read.1.tlog
C:\Users\Owner\Source\Repos\CSCI402\TextEditorGroup3\TextEditor\Debug\link.828.write.1.tlog
C:\Users\Owner\Source\Repos\CSCI402\TextEditorGroup3\TextEditor\Debug\link.command.1.tlog
C:\Users\Owner\Source\Repos\CSCI402\TextEditorGroup3\TextEditor\Debug\link.read.1.tlog
C:\Users\Owner\Source\Repos\CSCI402\TextEditorGroup3\TextEditor\Debug\link.write.1.tlog
C:\Users\Owner\Source\Repos\CSCI402\TextEditorGroup3\TextEditor\Debug\TextEditor.pch
C:\Users\Owner\Source\Repos\CSCI402\TextEditorGroup3\TextEditor\Debug\vc110.idb
C:\Users\Owner\Source\Repos\CSCI402\TextEditorGroup3\TextEditor\Debug\vc110.pdb
C:\Users\Owner\Source\Repos\CSCI402\TextEditorGroup3\Debug\TextEditor.pdb
C:\Users\Owner\Source\Repos\CSCI402\TextEditorGroup3\Debug\TextEditor.exe
C:\Users\Owner\Source\Repos\CSCI402\TextEditorGroup3\Debug\TextEditor.ilk
